# npm audit report

effect  <3.20.0
Severity: high
Effect `AsyncLocalStorage` context lost/contaminated inside Effect fibers under concurrent load with RPC - https://github.com/advisories/GHSA-38f7-945m-qr2g
fix available via `npm audit fix --force`
Will install prisma@7.6.0, which is a breaking change
node_modules/effect
  @prisma/config  6.13.0-dev.1 - 7.6.0-integration-feat-prisma-bootstrap.13
  Depends on vulnerable versions of effect
  node_modules/@prisma/config
    prisma  6.13.0-dev.1 - 7.6.0-integration-feat-prisma-bootstrap.13
    Depends on vulnerable versions of @prisma/config
    node_modules/prisma

next  16.0.0-beta.0 - 16.1.6
Severity: moderate
Next.js: HTTP request smuggling in rewrites - https://github.com/advisories/GHSA-ggv3-7p47-pfv8
Next.js: Unbounded next/image disk cache growth can exhaust storage - https://github.com/advisories/GHSA-3x4c-7xq6-9pq8
Next.js: Unbounded postponed resume buffering can lead to DoS - https://github.com/advisories/GHSA-h27x-g6w4-24gq
Next.js: null origin can bypass Server Actions CSRF checks - https://github.com/advisories/GHSA-mq59-m269-xvcx
Next.js: null origin can bypass dev HMR websocket CSRF checks - https://github.com/advisories/GHSA-jcc7-9wpm-mj36
fix available via `npm audit fix --force`
Will install next@16.2.1, which is outside the stated dependency range
node_modules/next

nodemailer  <8.0.4
Nodemailer has SMTP command injection due to unsanitized `envelope.size` parameter - https://github.com/advisories/GHSA-c7w3-x93f-qmm8
No fix available
node_modules/nodemailer
  @auth/core  *
  Depends on vulnerable versions of nodemailer
  node_modules/@auth/core
  node_modules/next-auth/node_modules/@auth/core
    @auth/prisma-adapter  *
    Depends on vulnerable versions of @auth/core
    node_modules/@auth/prisma-adapter
    next-auth  <=0.0.0-semantically-released || 1.1.0 - 1.5.0 || >=2.0.0-beta.0
    Depends on vulnerable versions of @auth/core
    Depends on vulnerable versions of nodemailer
    node_modules/next-auth

8 vulnerabilities (4 low, 1 moderate, 3 high)

To address all issues possible (including breaking changes), run:
  npm audit fix --force

Some issues need review, and may require choosing
a different dependency.
